Watching for file changes with StatReloader
"GET / HTTP/1.1" 200 10629
Not Found: /favicon.ico
"GET /favicon.ico HTTP/1.1" 404 2112
"GET / HTTP/1.1" 200 10629
Not Found: /about
"GET /about HTTP/1.1" 404 2094
Not Found: /home
"GET /home HTTP/1.1" 404 2091
Not Found: /home
"GET /home HTTP/1.1" 404 2091
Not Found: /home
"GET /home HTTP/1.1" 404 2091
Not Found: /home
"GET /home HTTP/1.1" 404 2091
Not Found: /about
"GET /about HTTP/1.1" 404 2094
Watching for file changes with StatReloader
"GET / HTTP/1.1" 200 10629
"GET / HTTP/1.1" 200 10629
Not Found: /about
"GET /about HTTP/1.1" 404 2094
Not Found: /favicon.ico
"GET /favicon.ico HTTP/1.1" 404 2112
C:\Users\me\Django_homeworks\seminars\seminars\urls.py changed, reloading.
Watching for file changes with StatReloader
C:\Users\me\Django_homeworks\seminars\seminars\urls.py changed, reloading.
Watching for file changes with StatReloader
Watching for file changes with StatReloader
C:\Users\me\Django_homeworks\seminars\first\urls.py changed, reloading.
Watching for file changes with StatReloader
C:\Users\me\Django_homeworks\seminars\first\views.py changed, reloading.
Watching for file changes with StatReloader
Internal Server Error: /
Traceback (most recent call last):
  File "C:\Users\me\Django_homeworks\.venv\lib\site-packages\django\core\handlers\exception.py", line 55, in inner
    response = get_response(request)
  File "C:\Users\me\Django_homeworks\.venv\lib\site-packages\django\core\handlers\base.py", line 197, in _get_response
    response = wrapped_callback(request, *callback_args, **callback_kwargs)
  File "C:\Users\me\Django_homeworks\seminars\first\views.py", line 9, in home_view
    return render(request, 'home.html')
  File "C:\Users\me\Django_homeworks\.venv\lib\site-packages\django\shortcuts.py", line 24, in render
    content = loader.render_to_string(template_name, context, request, using=using)
  File "C:\Users\me\Django_homeworks\.venv\lib\site-packages\django\template\loader.py", line 61, in render_to_string
    template = get_template(template_name, using=using)
  File "C:\Users\me\Django_homeworks\.venv\lib\site-packages\django\template\loader.py", line 19, in get_template
    raise TemplateDoesNotExist(template_name, chain=chain)
django.template.exceptions.TemplateDoesNotExist: home.html
"GET / HTTP/1.1" 500 80271
Internal Server Error: /
Traceback (most recent call last):
  File "C:\Users\me\Django_homeworks\.venv\lib\site-packages\django\core\handlers\exception.py", line 55, in inner
    response = get_response(request)
  File "C:\Users\me\Django_homeworks\.venv\lib\site-packages\django\core\handlers\base.py", line 197, in _get_response
    response = wrapped_callback(request, *callback_args, **callback_kwargs)
  File "C:\Users\me\Django_homeworks\seminars\first\views.py", line 9, in home_view
    return render(request, 'home.html')
  File "C:\Users\me\Django_homeworks\.venv\lib\site-packages\django\shortcuts.py", line 24, in render
    content = loader.render_to_string(template_name, context, request, using=using)
  File "C:\Users\me\Django_homeworks\.venv\lib\site-packages\django\template\loader.py", line 61, in render_to_string
    template = get_template(template_name, using=using)
  File "C:\Users\me\Django_homeworks\.venv\lib\site-packages\django\template\loader.py", line 19, in get_template
    raise TemplateDoesNotExist(template_name, chain=chain)
django.template.exceptions.TemplateDoesNotExist: home.html
"GET / HTTP/1.1" 500 80271
Internal Server Error: /
Traceback (most recent call last):
  File "C:\Users\me\Django_homeworks\.venv\lib\site-packages\django\core\handlers\exception.py", line 55, in inner
    response = get_response(request)
  File "C:\Users\me\Django_homeworks\.venv\lib\site-packages\django\core\handlers\base.py", line 197, in _get_response
    response = wrapped_callback(request, *callback_args, **callback_kwargs)
  File "C:\Users\me\Django_homeworks\seminars\first\views.py", line 9, in home_view
    return render(request, 'home.html')
  File "C:\Users\me\Django_homeworks\.venv\lib\site-packages\django\shortcuts.py", line 24, in render
    content = loader.render_to_string(template_name, context, request, using=using)
  File "C:\Users\me\Django_homeworks\.venv\lib\site-packages\django\template\loader.py", line 61, in render_to_string
    template = get_template(template_name, using=using)
  File "C:\Users\me\Django_homeworks\.venv\lib\site-packages\django\template\loader.py", line 19, in get_template
    raise TemplateDoesNotExist(template_name, chain=chain)
django.template.exceptions.TemplateDoesNotExist: home.html
"GET / HTTP/1.1" 500 80271
"GET /about HTTP/1.1" 301 0
Internal Server Error: /about/
Traceback (most recent call last):
  File "C:\Users\me\Django_homeworks\.venv\lib\site-packages\django\core\handlers\exception.py", line 55, in inner
    response = get_response(request)
  File "C:\Users\me\Django_homeworks\.venv\lib\site-packages\django\core\handlers\base.py", line 197, in _get_response
    response = wrapped_callback(request, *callback_args, **callback_kwargs)
  File "C:\Users\me\Django_homeworks\seminars\first\views.py", line 12, in about_view
    return render(request, 'about.html')
  File "C:\Users\me\Django_homeworks\.venv\lib\site-packages\django\shortcuts.py", line 24, in render
    content = loader.render_to_string(template_name, context, request, using=using)
  File "C:\Users\me\Django_homeworks\.venv\lib\site-packages\django\template\loader.py", line 61, in render_to_string
    template = get_template(template_name, using=using)
  File "C:\Users\me\Django_homeworks\.venv\lib\site-packages\django\template\loader.py", line 19, in get_template
    raise TemplateDoesNotExist(template_name, chain=chain)
django.template.exceptions.TemplateDoesNotExist: about.html
"GET /about/ HTTP/1.1" 500 79827
Not Found: /home
"GET /home HTTP/1.1" 404 2418
Internal Server Error: /
Traceback (most recent call last):
  File "C:\Users\me\Django_homeworks\.venv\lib\site-packages\django\core\handlers\exception.py", line 55, in inner
    response = get_response(request)
  File "C:\Users\me\Django_homeworks\.venv\lib\site-packages\django\core\handlers\base.py", line 197, in _get_response
    response = wrapped_callback(request, *callback_args, **callback_kwargs)
  File "C:\Users\me\Django_homeworks\seminars\first\views.py", line 9, in home_view
    return render(request, 'home.html')
  File "C:\Users\me\Django_homeworks\.venv\lib\site-packages\django\shortcuts.py", line 24, in render
    content = loader.render_to_string(template_name, context, request, using=using)
  File "C:\Users\me\Django_homeworks\.venv\lib\site-packages\django\template\loader.py", line 61, in render_to_string
    template = get_template(template_name, using=using)
  File "C:\Users\me\Django_homeworks\.venv\lib\site-packages\django\template\loader.py", line 19, in get_template
    raise TemplateDoesNotExist(template_name, chain=chain)
django.template.exceptions.TemplateDoesNotExist: home.html
"GET / HTTP/1.1" 500 80271
C:\Users\me\Django_homeworks\seminars\seminars\settings.py changed, reloading.
Watching for file changes with StatReloader
Watching for file changes with StatReloader
Internal Server Error: /
Traceback (most recent call last):
  File "C:\Users\me\Django_homeworks\.venv\lib\site-packages\django\core\handlers\exception.py", line 55, in inner
    response = get_response(request)
  File "C:\Users\me\Django_homeworks\.venv\lib\site-packages\django\core\handlers\base.py", line 197, in _get_response
    response = wrapped_callback(request, *callback_args, **callback_kwargs)
  File "C:\Users\me\Django_homeworks\seminars\first\views.py", line 9, in home_view
    return render(request, 'home.html')
  File "C:\Users\me\Django_homeworks\.venv\lib\site-packages\django\shortcuts.py", line 24, in render
    content = loader.render_to_string(template_name, context, request, using=using)
  File "C:\Users\me\Django_homeworks\.venv\lib\site-packages\django\template\loader.py", line 61, in render_to_string
    template = get_template(template_name, using=using)
  File "C:\Users\me\Django_homeworks\.venv\lib\site-packages\django\template\loader.py", line 19, in get_template
    raise TemplateDoesNotExist(template_name, chain=chain)
django.template.exceptions.TemplateDoesNotExist: home.html
"GET / HTTP/1.1" 500 80408
Watching for file changes with StatReloader
C:\Users\me\Django_homeworks\seminars\seminars\settings.py changed, reloading.
Watching for file changes with StatReloader
Internal Server Error: /
Traceback (most recent call last):
  File "C:\Users\me\Django_homeworks\.venv\lib\site-packages\django\core\handlers\exception.py", line 55, in inner
    response = get_response(request)
  File "C:\Users\me\Django_homeworks\.venv\lib\site-packages\django\core\handlers\base.py", line 197, in _get_response
    response = wrapped_callback(request, *callback_args, **callback_kwargs)
  File "C:\Users\me\Django_homeworks\seminars\first\views.py", line 9, in home_view
    return render(request, 'home.html')
  File "C:\Users\me\Django_homeworks\.venv\lib\site-packages\django\shortcuts.py", line 24, in render
    content = loader.render_to_string(template_name, context, request, using=using)
  File "C:\Users\me\Django_homeworks\.venv\lib\site-packages\django\template\loader.py", line 61, in render_to_string
    template = get_template(template_name, using=using)
  File "C:\Users\me\Django_homeworks\.venv\lib\site-packages\django\template\loader.py", line 19, in get_template
    raise TemplateDoesNotExist(template_name, chain=chain)
django.template.exceptions.TemplateDoesNotExist: home.html
"GET / HTTP/1.1" 500 80408
Internal Server Error: /about/
Traceback (most recent call last):
  File "C:\Users\me\Django_homeworks\.venv\lib\site-packages\django\core\handlers\exception.py", line 55, in inner
    response = get_response(request)
  File "C:\Users\me\Django_homeworks\.venv\lib\site-packages\django\core\handlers\base.py", line 197, in _get_response
    response = wrapped_callback(request, *callback_args, **callback_kwargs)
  File "C:\Users\me\Django_homeworks\seminars\first\views.py", line 12, in about_view
    return render(request, 'about.html')
  File "C:\Users\me\Django_homeworks\.venv\lib\site-packages\django\shortcuts.py", line 24, in render
    content = loader.render_to_string(template_name, context, request, using=using)
  File "C:\Users\me\Django_homeworks\.venv\lib\site-packages\django\template\loader.py", line 61, in render_to_string
    template = get_template(template_name, using=using)
  File "C:\Users\me\Django_homeworks\.venv\lib\site-packages\django\template\loader.py", line 19, in get_template
    raise TemplateDoesNotExist(template_name, chain=chain)
django.template.exceptions.TemplateDoesNotExist: about.html
"GET /about/ HTTP/1.1" 500 79827
C:\Users\me\Django_homeworks\seminars\seminars\settings.py changed, reloading.
Watching for file changes with StatReloader
Watching for file changes with StatReloader
Internal Server Error: /
Traceback (most recent call last):
  File "C:\Users\me\Django_homeworks\.venv\lib\site-packages\django\template\base.py", line 502, in parse
    compile_func = self.tags[command]
KeyError: 'static'

During handling of the above exception, another exception occurred:

Traceback (most recent call last):
  File "C:\Users\me\Django_homeworks\.venv\lib\site-packages\django\core\handlers\exception.py", line 55, in inner
    response = get_response(request)
  File "C:\Users\me\Django_homeworks\.venv\lib\site-packages\django\core\handlers\base.py", line 197, in _get_response
    response = wrapped_callback(request, *callback_args, **callback_kwargs)
  File "C:\Users\me\Django_homeworks\seminars\first\views.py", line 9, in home_view
    return render(request, 'home.html')
  File "C:\Users\me\Django_homeworks\.venv\lib\site-packages\django\shortcuts.py", line 24, in render
    content = loader.render_to_string(template_name, context, request, using=using)
  File "C:\Users\me\Django_homeworks\.venv\lib\site-packages\django\template\loader.py", line 62, in render_to_string
    return template.render(context, request)
  File "C:\Users\me\Django_homeworks\.venv\lib\site-packages\django\template\backends\django.py", line 61, in render
    return self.template.render(context)
  File "C:\Users\me\Django_homeworks\.venv\lib\site-packages\django\template\base.py", line 171, in render
    return self._render(context)
  File "C:\Users\me\Django_homeworks\.venv\lib\site-packages\django\template\base.py", line 163, in _render
    return self.nodelist.render(context)
  File "C:\Users\me\Django_homeworks\.venv\lib\site-packages\django\template\base.py", line 1000, in render
    return SafeString("".join([node.render_annotated(context) for node in self]))
  File "C:\Users\me\Django_homeworks\.venv\lib\site-packages\django\template\base.py", line 1000, in <listcomp>
    return SafeString("".join([node.render_annotated(context) for node in self]))
  File "C:\Users\me\Django_homeworks\.venv\lib\site-packages\django\template\base.py", line 961, in render_annotated
    return self.render(context)
  File "C:\Users\me\Django_homeworks\.venv\lib\site-packages\django\template\loader_tags.py", line 134, in render
    compiled_parent = self.get_parent(context)
  File "C:\Users\me\Django_homeworks\.venv\lib\site-packages\django\template\loader_tags.py", line 131, in get_parent
    return self.find_template(parent, context)
  File "C:\Users\me\Django_homeworks\.venv\lib\site-packages\django\template\loader_tags.py", line 109, in find_template
    template, origin = context.template.engine.find_template(
  File "C:\Users\me\Django_homeworks\.venv\lib\site-packages\django\template\engine.py", line 157, in find_template
    template = loader.get_template(name, skip=skip)
  File "C:\Users\me\Django_homeworks\.venv\lib\site-packages\django\template\loaders\cached.py", line 57, in get_template
    template = super().get_template(template_name, skip)
  File "C:\Users\me\Django_homeworks\.venv\lib\site-packages\django\template\loaders\base.py", line 28, in get_template
    return Template(
  File "C:\Users\me\Django_homeworks\.venv\lib\site-packages\django\template\base.py", line 154, in __init__
    self.nodelist = self.compile_nodelist()
  File "C:\Users\me\Django_homeworks\.venv\lib\site-packages\django\template\base.py", line 196, in compile_nodelist
    return parser.parse()
  File "C:\Users\me\Django_homeworks\.venv\lib\site-packages\django\template\base.py", line 504, in parse
    self.invalid_block_tag(token, command, parse_until)
  File "C:\Users\me\Django_homeworks\.venv\lib\site-packages\django\template\base.py", line 565, in invalid_block_tag
    raise self.error(
django.template.exceptions.TemplateSyntaxError: Invalid block tag on line 7: 'static'. Did you forget to register or load this tag?
"GET / HTTP/1.1" 500 161545
Internal Server Error: /
Traceback (most recent call last):
  File "C:\Users\me\Django_homeworks\.venv\lib\site-packages\django\template\base.py", line 502, in parse
    compile_func = self.tags[command]
KeyError: 'static'

During handling of the above exception, another exception occurred:

Traceback (most recent call last):
  File "C:\Users\me\Django_homeworks\.venv\lib\site-packages\django\core\handlers\exception.py", line 55, in inner
    response = get_response(request)
  File "C:\Users\me\Django_homeworks\.venv\lib\site-packages\django\core\handlers\base.py", line 197, in _get_response
    response = wrapped_callback(request, *callback_args, **callback_kwargs)
  File "C:\Users\me\Django_homeworks\seminars\first\views.py", line 9, in home_view
    return render(request, 'home.html')
  File "C:\Users\me\Django_homeworks\.venv\lib\site-packages\django\shortcuts.py", line 24, in render
    content = loader.render_to_string(template_name, context, request, using=using)
  File "C:\Users\me\Django_homeworks\.venv\lib\site-packages\django\template\loader.py", line 62, in render_to_string
    return template.render(context, request)
  File "C:\Users\me\Django_homeworks\.venv\lib\site-packages\django\template\backends\django.py", line 61, in render
    return self.template.render(context)
  File "C:\Users\me\Django_homeworks\.venv\lib\site-packages\django\template\base.py", line 171, in render
    return self._render(context)
  File "C:\Users\me\Django_homeworks\.venv\lib\site-packages\django\template\base.py", line 163, in _render
    return self.nodelist.render(context)
  File "C:\Users\me\Django_homeworks\.venv\lib\site-packages\django\template\base.py", line 1000, in render
    return SafeString("".join([node.render_annotated(context) for node in self]))
  File "C:\Users\me\Django_homeworks\.venv\lib\site-packages\django\template\base.py", line 1000, in <listcomp>
    return SafeString("".join([node.render_annotated(context) for node in self]))
  File "C:\Users\me\Django_homeworks\.venv\lib\site-packages\django\template\base.py", line 961, in render_annotated
    return self.render(context)
  File "C:\Users\me\Django_homeworks\.venv\lib\site-packages\django\template\loader_tags.py", line 134, in render
    compiled_parent = self.get_parent(context)
  File "C:\Users\me\Django_homeworks\.venv\lib\site-packages\django\template\loader_tags.py", line 131, in get_parent
    return self.find_template(parent, context)
  File "C:\Users\me\Django_homeworks\.venv\lib\site-packages\django\template\loader_tags.py", line 109, in find_template
    template, origin = context.template.engine.find_template(
  File "C:\Users\me\Django_homeworks\.venv\lib\site-packages\django\template\engine.py", line 157, in find_template
    template = loader.get_template(name, skip=skip)
  File "C:\Users\me\Django_homeworks\.venv\lib\site-packages\django\template\loaders\cached.py", line 57, in get_template
    template = super().get_template(template_name, skip)
  File "C:\Users\me\Django_homeworks\.venv\lib\site-packages\django\template\loaders\base.py", line 28, in get_template
    return Template(
  File "C:\Users\me\Django_homeworks\.venv\lib\site-packages\django\template\base.py", line 154, in __init__
    self.nodelist = self.compile_nodelist()
  File "C:\Users\me\Django_homeworks\.venv\lib\site-packages\django\template\base.py", line 196, in compile_nodelist
    return parser.parse()
  File "C:\Users\me\Django_homeworks\.venv\lib\site-packages\django\template\base.py", line 504, in parse
    self.invalid_block_tag(token, command, parse_until)
  File "C:\Users\me\Django_homeworks\.venv\lib\site-packages\django\template\base.py", line 565, in invalid_block_tag
    raise self.error(
django.template.exceptions.TemplateSyntaxError: Invalid block tag on line 7: 'static'. Did you forget to register or load this tag?
"GET / HTTP/1.1" 500 161545
Internal Server Error: /
Traceback (most recent call last):
  File "C:\Users\me\Django_homeworks\.venv\lib\site-packages\django\template\base.py", line 502, in parse
    compile_func = self.tags[command]
KeyError: 'static'

During handling of the above exception, another exception occurred:

Traceback (most recent call last):
  File "C:\Users\me\Django_homeworks\.venv\lib\site-packages\django\core\handlers\exception.py", line 55, in inner
    response = get_response(request)
  File "C:\Users\me\Django_homeworks\.venv\lib\site-packages\django\core\handlers\base.py", line 197, in _get_response
    response = wrapped_callback(request, *callback_args, **callback_kwargs)
  File "C:\Users\me\Django_homeworks\seminars\first\views.py", line 9, in home_view
    return render(request, 'home.html')
  File "C:\Users\me\Django_homeworks\.venv\lib\site-packages\django\shortcuts.py", line 24, in render
    content = loader.render_to_string(template_name, context, request, using=using)
  File "C:\Users\me\Django_homeworks\.venv\lib\site-packages\django\template\loader.py", line 62, in render_to_string
    return template.render(context, request)
  File "C:\Users\me\Django_homeworks\.venv\lib\site-packages\django\template\backends\django.py", line 61, in render
    return self.template.render(context)
  File "C:\Users\me\Django_homeworks\.venv\lib\site-packages\django\template\base.py", line 171, in render
    return self._render(context)
  File "C:\Users\me\Django_homeworks\.venv\lib\site-packages\django\template\base.py", line 163, in _render
    return self.nodelist.render(context)
  File "C:\Users\me\Django_homeworks\.venv\lib\site-packages\django\template\base.py", line 1000, in render
    return SafeString("".join([node.render_annotated(context) for node in self]))
  File "C:\Users\me\Django_homeworks\.venv\lib\site-packages\django\template\base.py", line 1000, in <listcomp>
    return SafeString("".join([node.render_annotated(context) for node in self]))
  File "C:\Users\me\Django_homeworks\.venv\lib\site-packages\django\template\base.py", line 961, in render_annotated
    return self.render(context)
  File "C:\Users\me\Django_homeworks\.venv\lib\site-packages\django\template\loader_tags.py", line 134, in render
    compiled_parent = self.get_parent(context)
  File "C:\Users\me\Django_homeworks\.venv\lib\site-packages\django\template\loader_tags.py", line 131, in get_parent
    return self.find_template(parent, context)
  File "C:\Users\me\Django_homeworks\.venv\lib\site-packages\django\template\loader_tags.py", line 109, in find_template
    template, origin = context.template.engine.find_template(
  File "C:\Users\me\Django_homeworks\.venv\lib\site-packages\django\template\engine.py", line 157, in find_template
    template = loader.get_template(name, skip=skip)
  File "C:\Users\me\Django_homeworks\.venv\lib\site-packages\django\template\loaders\cached.py", line 57, in get_template
    template = super().get_template(template_name, skip)
  File "C:\Users\me\Django_homeworks\.venv\lib\site-packages\django\template\loaders\base.py", line 28, in get_template
    return Template(
  File "C:\Users\me\Django_homeworks\.venv\lib\site-packages\django\template\base.py", line 154, in __init__
    self.nodelist = self.compile_nodelist()
  File "C:\Users\me\Django_homeworks\.venv\lib\site-packages\django\template\base.py", line 196, in compile_nodelist
    return parser.parse()
  File "C:\Users\me\Django_homeworks\.venv\lib\site-packages\django\template\base.py", line 504, in parse
    self.invalid_block_tag(token, command, parse_until)
  File "C:\Users\me\Django_homeworks\.venv\lib\site-packages\django\template\base.py", line 565, in invalid_block_tag
    raise self.error(
django.template.exceptions.TemplateSyntaxError: Invalid block tag on line 7: 'static'. Did you forget to register or load this tag?
"GET / HTTP/1.1" 500 161545
Internal Server Error: /about/
Traceback (most recent call last):
  File "C:\Users\me\Django_homeworks\.venv\lib\site-packages\django\template\base.py", line 502, in parse
    compile_func = self.tags[command]
KeyError: 'static'

During handling of the above exception, another exception occurred:

Traceback (most recent call last):
  File "C:\Users\me\Django_homeworks\.venv\lib\site-packages\django\core\handlers\exception.py", line 55, in inner
    response = get_response(request)
  File "C:\Users\me\Django_homeworks\.venv\lib\site-packages\django\core\handlers\base.py", line 197, in _get_response
    response = wrapped_callback(request, *callback_args, **callback_kwargs)
  File "C:\Users\me\Django_homeworks\seminars\first\views.py", line 12, in about_view
    return render(request, 'about.html')
  File "C:\Users\me\Django_homeworks\.venv\lib\site-packages\django\shortcuts.py", line 24, in render
    content = loader.render_to_string(template_name, context, request, using=using)
  File "C:\Users\me\Django_homeworks\.venv\lib\site-packages\django\template\loader.py", line 62, in render_to_string
    return template.render(context, request)
  File "C:\Users\me\Django_homeworks\.venv\lib\site-packages\django\template\backends\django.py", line 61, in render
    return self.template.render(context)
  File "C:\Users\me\Django_homeworks\.venv\lib\site-packages\django\template\base.py", line 171, in render
    return self._render(context)
  File "C:\Users\me\Django_homeworks\.venv\lib\site-packages\django\template\base.py", line 163, in _render
    return self.nodelist.render(context)
  File "C:\Users\me\Django_homeworks\.venv\lib\site-packages\django\template\base.py", line 1000, in render
    return SafeString("".join([node.render_annotated(context) for node in self]))
  File "C:\Users\me\Django_homeworks\.venv\lib\site-packages\django\template\base.py", line 1000, in <listcomp>
    return SafeString("".join([node.render_annotated(context) for node in self]))
  File "C:\Users\me\Django_homeworks\.venv\lib\site-packages\django\template\base.py", line 961, in render_annotated
    return self.render(context)
  File "C:\Users\me\Django_homeworks\.venv\lib\site-packages\django\template\loader_tags.py", line 134, in render
    compiled_parent = self.get_parent(context)
  File "C:\Users\me\Django_homeworks\.venv\lib\site-packages\django\template\loader_tags.py", line 131, in get_parent
    return self.find_template(parent, context)
  File "C:\Users\me\Django_homeworks\.venv\lib\site-packages\django\template\loader_tags.py", line 109, in find_template
    template, origin = context.template.engine.find_template(
  File "C:\Users\me\Django_homeworks\.venv\lib\site-packages\django\template\engine.py", line 157, in find_template
    template = loader.get_template(name, skip=skip)
  File "C:\Users\me\Django_homeworks\.venv\lib\site-packages\django\template\loaders\cached.py", line 57, in get_template
    template = super().get_template(template_name, skip)
  File "C:\Users\me\Django_homeworks\.venv\lib\site-packages\django\template\loaders\base.py", line 28, in get_template
    return Template(
  File "C:\Users\me\Django_homeworks\.venv\lib\site-packages\django\template\base.py", line 154, in __init__
    self.nodelist = self.compile_nodelist()
  File "C:\Users\me\Django_homeworks\.venv\lib\site-packages\django\template\base.py", line 196, in compile_nodelist
    return parser.parse()
  File "C:\Users\me\Django_homeworks\.venv\lib\site-packages\django\template\base.py", line 504, in parse
    self.invalid_block_tag(token, command, parse_until)
  File "C:\Users\me\Django_homeworks\.venv\lib\site-packages\django\template\base.py", line 565, in invalid_block_tag
    raise self.error(
django.template.exceptions.TemplateSyntaxError: Invalid block tag on line 7: 'static'. Did you forget to register or load this tag?
"GET /about/ HTTP/1.1" 500 161101
Internal Server Error: /
Traceback (most recent call last):
  File "C:\Users\me\Django_homeworks\.venv\lib\site-packages\django\template\base.py", line 502, in parse
    compile_func = self.tags[command]
KeyError: 'static'

During handling of the above exception, another exception occurred:

Traceback (most recent call last):
  File "C:\Users\me\Django_homeworks\.venv\lib\site-packages\django\core\handlers\exception.py", line 55, in inner
    response = get_response(request)
  File "C:\Users\me\Django_homeworks\.venv\lib\site-packages\django\core\handlers\base.py", line 197, in _get_response
    response = wrapped_callback(request, *callback_args, **callback_kwargs)
  File "C:\Users\me\Django_homeworks\seminars\first\views.py", line 9, in home_view
    return render(request, 'home.html')
  File "C:\Users\me\Django_homeworks\.venv\lib\site-packages\django\shortcuts.py", line 24, in render
    content = loader.render_to_string(template_name, context, request, using=using)
  File "C:\Users\me\Django_homeworks\.venv\lib\site-packages\django\template\loader.py", line 62, in render_to_string
    return template.render(context, request)
  File "C:\Users\me\Django_homeworks\.venv\lib\site-packages\django\template\backends\django.py", line 61, in render
    return self.template.render(context)
  File "C:\Users\me\Django_homeworks\.venv\lib\site-packages\django\template\base.py", line 171, in render
    return self._render(context)
  File "C:\Users\me\Django_homeworks\.venv\lib\site-packages\django\template\base.py", line 163, in _render
    return self.nodelist.render(context)
  File "C:\Users\me\Django_homeworks\.venv\lib\site-packages\django\template\base.py", line 1000, in render
    return SafeString("".join([node.render_annotated(context) for node in self]))
  File "C:\Users\me\Django_homeworks\.venv\lib\site-packages\django\template\base.py", line 1000, in <listcomp>
    return SafeString("".join([node.render_annotated(context) for node in self]))
  File "C:\Users\me\Django_homeworks\.venv\lib\site-packages\django\template\base.py", line 961, in render_annotated
    return self.render(context)
  File "C:\Users\me\Django_homeworks\.venv\lib\site-packages\django\template\loader_tags.py", line 134, in render
    compiled_parent = self.get_parent(context)
  File "C:\Users\me\Django_homeworks\.venv\lib\site-packages\django\template\loader_tags.py", line 131, in get_parent
    return self.find_template(parent, context)
  File "C:\Users\me\Django_homeworks\.venv\lib\site-packages\django\template\loader_tags.py", line 109, in find_template
    template, origin = context.template.engine.find_template(
  File "C:\Users\me\Django_homeworks\.venv\lib\site-packages\django\template\engine.py", line 157, in find_template
    template = loader.get_template(name, skip=skip)
  File "C:\Users\me\Django_homeworks\.venv\lib\site-packages\django\template\loaders\cached.py", line 57, in get_template
    template = super().get_template(template_name, skip)
  File "C:\Users\me\Django_homeworks\.venv\lib\site-packages\django\template\loaders\base.py", line 28, in get_template
    return Template(
  File "C:\Users\me\Django_homeworks\.venv\lib\site-packages\django\template\base.py", line 154, in __init__
    self.nodelist = self.compile_nodelist()
  File "C:\Users\me\Django_homeworks\.venv\lib\site-packages\django\template\base.py", line 196, in compile_nodelist
    return parser.parse()
  File "C:\Users\me\Django_homeworks\.venv\lib\site-packages\django\template\base.py", line 504, in parse
    self.invalid_block_tag(token, command, parse_until)
  File "C:\Users\me\Django_homeworks\.venv\lib\site-packages\django\template\base.py", line 565, in invalid_block_tag
    raise self.error(
django.template.exceptions.TemplateSyntaxError: Invalid block tag on line 7: 'static'. Did you forget to register or load this tag?
"GET / HTTP/1.1" 500 161545
Internal Server Error: /
Traceback (most recent call last):
  File "C:\Users\me\Django_homeworks\.venv\lib\site-packages\django\template\base.py", line 502, in parse
    compile_func = self.tags[command]
KeyError: 'static'

During handling of the above exception, another exception occurred:

Traceback (most recent call last):
  File "C:\Users\me\Django_homeworks\.venv\lib\site-packages\django\core\handlers\exception.py", line 55, in inner
    response = get_response(request)
  File "C:\Users\me\Django_homeworks\.venv\lib\site-packages\django\core\handlers\base.py", line 197, in _get_response
    response = wrapped_callback(request, *callback_args, **callback_kwargs)
  File "C:\Users\me\Django_homeworks\seminars\first\views.py", line 9, in home_view
    return render(request, 'home.html')
  File "C:\Users\me\Django_homeworks\.venv\lib\site-packages\django\shortcuts.py", line 24, in render
    content = loader.render_to_string(template_name, context, request, using=using)
  File "C:\Users\me\Django_homeworks\.venv\lib\site-packages\django\template\loader.py", line 62, in render_to_string
    return template.render(context, request)
  File "C:\Users\me\Django_homeworks\.venv\lib\site-packages\django\template\backends\django.py", line 61, in render
    return self.template.render(context)
  File "C:\Users\me\Django_homeworks\.venv\lib\site-packages\django\template\base.py", line 171, in render
    return self._render(context)
  File "C:\Users\me\Django_homeworks\.venv\lib\site-packages\django\template\base.py", line 163, in _render
    return self.nodelist.render(context)
  File "C:\Users\me\Django_homeworks\.venv\lib\site-packages\django\template\base.py", line 1000, in render
    return SafeString("".join([node.render_annotated(context) for node in self]))
  File "C:\Users\me\Django_homeworks\.venv\lib\site-packages\django\template\base.py", line 1000, in <listcomp>
    return SafeString("".join([node.render_annotated(context) for node in self]))
  File "C:\Users\me\Django_homeworks\.venv\lib\site-packages\django\template\base.py", line 961, in render_annotated
    return self.render(context)
  File "C:\Users\me\Django_homeworks\.venv\lib\site-packages\django\template\loader_tags.py", line 134, in render
    compiled_parent = self.get_parent(context)
  File "C:\Users\me\Django_homeworks\.venv\lib\site-packages\django\template\loader_tags.py", line 131, in get_parent
    return self.find_template(parent, context)
  File "C:\Users\me\Django_homeworks\.venv\lib\site-packages\django\template\loader_tags.py", line 109, in find_template
    template, origin = context.template.engine.find_template(
  File "C:\Users\me\Django_homeworks\.venv\lib\site-packages\django\template\engine.py", line 157, in find_template
    template = loader.get_template(name, skip=skip)
  File "C:\Users\me\Django_homeworks\.venv\lib\site-packages\django\template\loaders\cached.py", line 57, in get_template
    template = super().get_template(template_name, skip)
  File "C:\Users\me\Django_homeworks\.venv\lib\site-packages\django\template\loaders\base.py", line 28, in get_template
    return Template(
  File "C:\Users\me\Django_homeworks\.venv\lib\site-packages\django\template\base.py", line 154, in __init__
    self.nodelist = self.compile_nodelist()
  File "C:\Users\me\Django_homeworks\.venv\lib\site-packages\django\template\base.py", line 196, in compile_nodelist
    return parser.parse()
  File "C:\Users\me\Django_homeworks\.venv\lib\site-packages\django\template\base.py", line 504, in parse
    self.invalid_block_tag(token, command, parse_until)
  File "C:\Users\me\Django_homeworks\.venv\lib\site-packages\django\template\base.py", line 565, in invalid_block_tag
    raise self.error(
django.template.exceptions.TemplateSyntaxError: Invalid block tag on line 7: 'static'. Did you forget to register or load this tag?
"GET / HTTP/1.1" 500 161682
Internal Server Error: /
Traceback (most recent call last):
  File "C:\Users\me\Django_homeworks\.venv\lib\site-packages\django\template\base.py", line 502, in parse
    compile_func = self.tags[command]
KeyError: 'static'

During handling of the above exception, another exception occurred:

Traceback (most recent call last):
  File "C:\Users\me\Django_homeworks\.venv\lib\site-packages\django\core\handlers\exception.py", line 55, in inner
    response = get_response(request)
  File "C:\Users\me\Django_homeworks\.venv\lib\site-packages\django\core\handlers\base.py", line 197, in _get_response
    response = wrapped_callback(request, *callback_args, **callback_kwargs)
  File "C:\Users\me\Django_homeworks\seminars\first\views.py", line 9, in home_view
    return render(request, 'home.html')
  File "C:\Users\me\Django_homeworks\.venv\lib\site-packages\django\shortcuts.py", line 24, in render
    content = loader.render_to_string(template_name, context, request, using=using)
  File "C:\Users\me\Django_homeworks\.venv\lib\site-packages\django\template\loader.py", line 62, in render_to_string
    return template.render(context, request)
  File "C:\Users\me\Django_homeworks\.venv\lib\site-packages\django\template\backends\django.py", line 61, in render
    return self.template.render(context)
  File "C:\Users\me\Django_homeworks\.venv\lib\site-packages\django\template\base.py", line 171, in render
    return self._render(context)
  File "C:\Users\me\Django_homeworks\.venv\lib\site-packages\django\template\base.py", line 163, in _render
    return self.nodelist.render(context)
  File "C:\Users\me\Django_homeworks\.venv\lib\site-packages\django\template\base.py", line 1000, in render
    return SafeString("".join([node.render_annotated(context) for node in self]))
  File "C:\Users\me\Django_homeworks\.venv\lib\site-packages\django\template\base.py", line 1000, in <listcomp>
    return SafeString("".join([node.render_annotated(context) for node in self]))
  File "C:\Users\me\Django_homeworks\.venv\lib\site-packages\django\template\base.py", line 961, in render_annotated
    return self.render(context)
  File "C:\Users\me\Django_homeworks\.venv\lib\site-packages\django\template\loader_tags.py", line 134, in render
    compiled_parent = self.get_parent(context)
  File "C:\Users\me\Django_homeworks\.venv\lib\site-packages\django\template\loader_tags.py", line 131, in get_parent
    return self.find_template(parent, context)
  File "C:\Users\me\Django_homeworks\.venv\lib\site-packages\django\template\loader_tags.py", line 109, in find_template
    template, origin = context.template.engine.find_template(
  File "C:\Users\me\Django_homeworks\.venv\lib\site-packages\django\template\engine.py", line 157, in find_template
    template = loader.get_template(name, skip=skip)
  File "C:\Users\me\Django_homeworks\.venv\lib\site-packages\django\template\loaders\cached.py", line 57, in get_template
    template = super().get_template(template_name, skip)
  File "C:\Users\me\Django_homeworks\.venv\lib\site-packages\django\template\loaders\base.py", line 28, in get_template
    return Template(
  File "C:\Users\me\Django_homeworks\.venv\lib\site-packages\django\template\base.py", line 154, in __init__
    self.nodelist = self.compile_nodelist()
  File "C:\Users\me\Django_homeworks\.venv\lib\site-packages\django\template\base.py", line 196, in compile_nodelist
    return parser.parse()
  File "C:\Users\me\Django_homeworks\.venv\lib\site-packages\django\template\base.py", line 504, in parse
    self.invalid_block_tag(token, command, parse_until)
  File "C:\Users\me\Django_homeworks\.venv\lib\site-packages\django\template\base.py", line 565, in invalid_block_tag
    raise self.error(
django.template.exceptions.TemplateSyntaxError: Invalid block tag on line 7: 'static'. Did you forget to register or load this tag?
"GET / HTTP/1.1" 500 161682
Watching for file changes with StatReloader
Internal Server Error: /
Traceback (most recent call last):
  File "C:\Users\me\Django_homeworks\.venv\lib\site-packages\django\template\base.py", line 502, in parse
    compile_func = self.tags[command]
KeyError: 'static'

During handling of the above exception, another exception occurred:

Traceback (most recent call last):
  File "C:\Users\me\Django_homeworks\.venv\lib\site-packages\django\core\handlers\exception.py", line 55, in inner
    response = get_response(request)
  File "C:\Users\me\Django_homeworks\.venv\lib\site-packages\django\core\handlers\base.py", line 197, in _get_response
    response = wrapped_callback(request, *callback_args, **callback_kwargs)
  File "C:\Users\me\Django_homeworks\seminars\first\views.py", line 9, in home_view
    return render(request, 'home.html')
  File "C:\Users\me\Django_homeworks\.venv\lib\site-packages\django\shortcuts.py", line 24, in render
    content = loader.render_to_string(template_name, context, request, using=using)
  File "C:\Users\me\Django_homeworks\.venv\lib\site-packages\django\template\loader.py", line 62, in render_to_string
    return template.render(context, request)
  File "C:\Users\me\Django_homeworks\.venv\lib\site-packages\django\template\backends\django.py", line 61, in render
    return self.template.render(context)
  File "C:\Users\me\Django_homeworks\.venv\lib\site-packages\django\template\base.py", line 171, in render
    return self._render(context)
  File "C:\Users\me\Django_homeworks\.venv\lib\site-packages\django\template\base.py", line 163, in _render
    return self.nodelist.render(context)
  File "C:\Users\me\Django_homeworks\.venv\lib\site-packages\django\template\base.py", line 1000, in render
    return SafeString("".join([node.render_annotated(context) for node in self]))
  File "C:\Users\me\Django_homeworks\.venv\lib\site-packages\django\template\base.py", line 1000, in <listcomp>
    return SafeString("".join([node.render_annotated(context) for node in self]))
  File "C:\Users\me\Django_homeworks\.venv\lib\site-packages\django\template\base.py", line 961, in render_annotated
    return self.render(context)
  File "C:\Users\me\Django_homeworks\.venv\lib\site-packages\django\template\loader_tags.py", line 134, in render
    compiled_parent = self.get_parent(context)
  File "C:\Users\me\Django_homeworks\.venv\lib\site-packages\django\template\loader_tags.py", line 131, in get_parent
    return self.find_template(parent, context)
  File "C:\Users\me\Django_homeworks\.venv\lib\site-packages\django\template\loader_tags.py", line 109, in find_template
    template, origin = context.template.engine.find_template(
  File "C:\Users\me\Django_homeworks\.venv\lib\site-packages\django\template\engine.py", line 157, in find_template
    template = loader.get_template(name, skip=skip)
  File "C:\Users\me\Django_homeworks\.venv\lib\site-packages\django\template\loaders\cached.py", line 57, in get_template
    template = super().get_template(template_name, skip)
  File "C:\Users\me\Django_homeworks\.venv\lib\site-packages\django\template\loaders\base.py", line 28, in get_template
    return Template(
  File "C:\Users\me\Django_homeworks\.venv\lib\site-packages\django\template\base.py", line 154, in __init__
    self.nodelist = self.compile_nodelist()
  File "C:\Users\me\Django_homeworks\.venv\lib\site-packages\django\template\base.py", line 196, in compile_nodelist
    return parser.parse()
  File "C:\Users\me\Django_homeworks\.venv\lib\site-packages\django\template\base.py", line 504, in parse
    self.invalid_block_tag(token, command, parse_until)
  File "C:\Users\me\Django_homeworks\.venv\lib\site-packages\django\template\base.py", line 565, in invalid_block_tag
    raise self.error(
django.template.exceptions.TemplateSyntaxError: Invalid block tag on line 7: 'static'. Did you forget to register or load this tag?
"GET / HTTP/1.1" 500 161682
Internal Server Error: /
Traceback (most recent call last):
  File "C:\Users\me\Django_homeworks\.venv\lib\site-packages\django\template\base.py", line 502, in parse
    compile_func = self.tags[command]
KeyError: 'static'

During handling of the above exception, another exception occurred:

Traceback (most recent call last):
  File "C:\Users\me\Django_homeworks\.venv\lib\site-packages\django\core\handlers\exception.py", line 55, in inner
    response = get_response(request)
  File "C:\Users\me\Django_homeworks\.venv\lib\site-packages\django\core\handlers\base.py", line 197, in _get_response
    response = wrapped_callback(request, *callback_args, **callback_kwargs)
  File "C:\Users\me\Django_homeworks\seminars\first\views.py", line 9, in home_view
    return render(request, 'home.html')
  File "C:\Users\me\Django_homeworks\.venv\lib\site-packages\django\shortcuts.py", line 24, in render
    content = loader.render_to_string(template_name, context, request, using=using)
  File "C:\Users\me\Django_homeworks\.venv\lib\site-packages\django\template\loader.py", line 62, in render_to_string
    return template.render(context, request)
  File "C:\Users\me\Django_homeworks\.venv\lib\site-packages\django\template\backends\django.py", line 61, in render
    return self.template.render(context)
  File "C:\Users\me\Django_homeworks\.venv\lib\site-packages\django\template\base.py", line 171, in render
    return self._render(context)
  File "C:\Users\me\Django_homeworks\.venv\lib\site-packages\django\template\base.py", line 163, in _render
    return self.nodelist.render(context)
  File "C:\Users\me\Django_homeworks\.venv\lib\site-packages\django\template\base.py", line 1000, in render
    return SafeString("".join([node.render_annotated(context) for node in self]))
  File "C:\Users\me\Django_homeworks\.venv\lib\site-packages\django\template\base.py", line 1000, in <listcomp>
    return SafeString("".join([node.render_annotated(context) for node in self]))
  File "C:\Users\me\Django_homeworks\.venv\lib\site-packages\django\template\base.py", line 961, in render_annotated
    return self.render(context)
  File "C:\Users\me\Django_homeworks\.venv\lib\site-packages\django\template\loader_tags.py", line 134, in render
    compiled_parent = self.get_parent(context)
  File "C:\Users\me\Django_homeworks\.venv\lib\site-packages\django\template\loader_tags.py", line 131, in get_parent
    return self.find_template(parent, context)
  File "C:\Users\me\Django_homeworks\.venv\lib\site-packages\django\template\loader_tags.py", line 109, in find_template
    template, origin = context.template.engine.find_template(
  File "C:\Users\me\Django_homeworks\.venv\lib\site-packages\django\template\engine.py", line 157, in find_template
    template = loader.get_template(name, skip=skip)
  File "C:\Users\me\Django_homeworks\.venv\lib\site-packages\django\template\loaders\cached.py", line 57, in get_template
    template = super().get_template(template_name, skip)
  File "C:\Users\me\Django_homeworks\.venv\lib\site-packages\django\template\loaders\base.py", line 28, in get_template
    return Template(
  File "C:\Users\me\Django_homeworks\.venv\lib\site-packages\django\template\base.py", line 154, in __init__
    self.nodelist = self.compile_nodelist()
  File "C:\Users\me\Django_homeworks\.venv\lib\site-packages\django\template\base.py", line 196, in compile_nodelist
    return parser.parse()
  File "C:\Users\me\Django_homeworks\.venv\lib\site-packages\django\template\base.py", line 504, in parse
    self.invalid_block_tag(token, command, parse_until)
  File "C:\Users\me\Django_homeworks\.venv\lib\site-packages\django\template\base.py", line 565, in invalid_block_tag
    raise self.error(
django.template.exceptions.TemplateSyntaxError: Invalid block tag on line 7: 'static'. Did you forget to register or load this tag?
"GET / HTTP/1.1" 500 161682
Internal Server Error: /
Traceback (most recent call last):
  File "C:\Users\me\Django_homeworks\.venv\lib\site-packages\django\template\base.py", line 502, in parse
    compile_func = self.tags[command]
KeyError: 'static'

During handling of the above exception, another exception occurred:

Traceback (most recent call last):
  File "C:\Users\me\Django_homeworks\.venv\lib\site-packages\django\core\handlers\exception.py", line 55, in inner
    response = get_response(request)
  File "C:\Users\me\Django_homeworks\.venv\lib\site-packages\django\core\handlers\base.py", line 197, in _get_response
    response = wrapped_callback(request, *callback_args, **callback_kwargs)
  File "C:\Users\me\Django_homeworks\seminars\first\views.py", line 9, in home_view
    return render(request, 'home.html')
  File "C:\Users\me\Django_homeworks\.venv\lib\site-packages\django\shortcuts.py", line 24, in render
    content = loader.render_to_string(template_name, context, request, using=using)
  File "C:\Users\me\Django_homeworks\.venv\lib\site-packages\django\template\loader.py", line 62, in render_to_string
    return template.render(context, request)
  File "C:\Users\me\Django_homeworks\.venv\lib\site-packages\django\template\backends\django.py", line 61, in render
    return self.template.render(context)
  File "C:\Users\me\Django_homeworks\.venv\lib\site-packages\django\template\base.py", line 171, in render
    return self._render(context)
  File "C:\Users\me\Django_homeworks\.venv\lib\site-packages\django\template\base.py", line 163, in _render
    return self.nodelist.render(context)
  File "C:\Users\me\Django_homeworks\.venv\lib\site-packages\django\template\base.py", line 1000, in render
    return SafeString("".join([node.render_annotated(context) for node in self]))
  File "C:\Users\me\Django_homeworks\.venv\lib\site-packages\django\template\base.py", line 1000, in <listcomp>
    return SafeString("".join([node.render_annotated(context) for node in self]))
  File "C:\Users\me\Django_homeworks\.venv\lib\site-packages\django\template\base.py", line 961, in render_annotated
    return self.render(context)
  File "C:\Users\me\Django_homeworks\.venv\lib\site-packages\django\template\loader_tags.py", line 134, in render
    compiled_parent = self.get_parent(context)
  File "C:\Users\me\Django_homeworks\.venv\lib\site-packages\django\template\loader_tags.py", line 131, in get_parent
    return self.find_template(parent, context)
  File "C:\Users\me\Django_homeworks\.venv\lib\site-packages\django\template\loader_tags.py", line 109, in find_template
    template, origin = context.template.engine.find_template(
  File "C:\Users\me\Django_homeworks\.venv\lib\site-packages\django\template\engine.py", line 157, in find_template
    template = loader.get_template(name, skip=skip)
  File "C:\Users\me\Django_homeworks\.venv\lib\site-packages\django\template\loaders\cached.py", line 57, in get_template
    template = super().get_template(template_name, skip)
  File "C:\Users\me\Django_homeworks\.venv\lib\site-packages\django\template\loaders\base.py", line 28, in get_template
    return Template(
  File "C:\Users\me\Django_homeworks\.venv\lib\site-packages\django\template\base.py", line 154, in __init__
    self.nodelist = self.compile_nodelist()
  File "C:\Users\me\Django_homeworks\.venv\lib\site-packages\django\template\base.py", line 196, in compile_nodelist
    return parser.parse()
  File "C:\Users\me\Django_homeworks\.venv\lib\site-packages\django\template\base.py", line 504, in parse
    self.invalid_block_tag(token, command, parse_until)
  File "C:\Users\me\Django_homeworks\.venv\lib\site-packages\django\template\base.py", line 565, in invalid_block_tag
    raise self.error(
django.template.exceptions.TemplateSyntaxError: Invalid block tag on line 7: 'static'. Did you forget to register or load this tag?
"GET / HTTP/1.1" 500 161682
Internal Server Error: /
Traceback (most recent call last):
  File "C:\Users\me\Django_homeworks\.venv\lib\site-packages\django\template\base.py", line 502, in parse
    compile_func = self.tags[command]
KeyError: 'static'

During handling of the above exception, another exception occurred:

Traceback (most recent call last):
  File "C:\Users\me\Django_homeworks\.venv\lib\site-packages\django\core\handlers\exception.py", line 55, in inner
    response = get_response(request)
  File "C:\Users\me\Django_homeworks\.venv\lib\site-packages\django\core\handlers\base.py", line 197, in _get_response
    response = wrapped_callback(request, *callback_args, **callback_kwargs)
  File "C:\Users\me\Django_homeworks\seminars\first\views.py", line 9, in home_view
    return render(request, 'home.html')
  File "C:\Users\me\Django_homeworks\.venv\lib\site-packages\django\shortcuts.py", line 24, in render
    content = loader.render_to_string(template_name, context, request, using=using)
  File "C:\Users\me\Django_homeworks\.venv\lib\site-packages\django\template\loader.py", line 62, in render_to_string
    return template.render(context, request)
  File "C:\Users\me\Django_homeworks\.venv\lib\site-packages\django\template\backends\django.py", line 61, in render
    return self.template.render(context)
  File "C:\Users\me\Django_homeworks\.venv\lib\site-packages\django\template\base.py", line 171, in render
    return self._render(context)
  File "C:\Users\me\Django_homeworks\.venv\lib\site-packages\django\template\base.py", line 163, in _render
    return self.nodelist.render(context)
  File "C:\Users\me\Django_homeworks\.venv\lib\site-packages\django\template\base.py", line 1000, in render
    return SafeString("".join([node.render_annotated(context) for node in self]))
  File "C:\Users\me\Django_homeworks\.venv\lib\site-packages\django\template\base.py", line 1000, in <listcomp>
    return SafeString("".join([node.render_annotated(context) for node in self]))
  File "C:\Users\me\Django_homeworks\.venv\lib\site-packages\django\template\base.py", line 961, in render_annotated
    return self.render(context)
  File "C:\Users\me\Django_homeworks\.venv\lib\site-packages\django\template\loader_tags.py", line 134, in render
    compiled_parent = self.get_parent(context)
  File "C:\Users\me\Django_homeworks\.venv\lib\site-packages\django\template\loader_tags.py", line 131, in get_parent
    return self.find_template(parent, context)
  File "C:\Users\me\Django_homeworks\.venv\lib\site-packages\django\template\loader_tags.py", line 109, in find_template
    template, origin = context.template.engine.find_template(
  File "C:\Users\me\Django_homeworks\.venv\lib\site-packages\django\template\engine.py", line 157, in find_template
    template = loader.get_template(name, skip=skip)
  File "C:\Users\me\Django_homeworks\.venv\lib\site-packages\django\template\loaders\cached.py", line 57, in get_template
    template = super().get_template(template_name, skip)
  File "C:\Users\me\Django_homeworks\.venv\lib\site-packages\django\template\loaders\base.py", line 28, in get_template
    return Template(
  File "C:\Users\me\Django_homeworks\.venv\lib\site-packages\django\template\base.py", line 154, in __init__
    self.nodelist = self.compile_nodelist()
  File "C:\Users\me\Django_homeworks\.venv\lib\site-packages\django\template\base.py", line 196, in compile_nodelist
    return parser.parse()
  File "C:\Users\me\Django_homeworks\.venv\lib\site-packages\django\template\base.py", line 504, in parse
    self.invalid_block_tag(token, command, parse_until)
  File "C:\Users\me\Django_homeworks\.venv\lib\site-packages\django\template\base.py", line 565, in invalid_block_tag
    raise self.error(
django.template.exceptions.TemplateSyntaxError: Invalid block tag on line 7: 'static'. Did you forget to register or load this tag?
"GET / HTTP/1.1" 500 161682
Watching for file changes with StatReloader
"GET /about/ HTTP/1.1" 200 697
"GET /static/js/script.js HTTP/1.1" 404 1795
"GET /static/css/style.css HTTP/1.1" 200 333
"GET / HTTP/1.1" 200 759
"GET /static/js/script.js HTTP/1.1" 404 1795
"GET /about/ HTTP/1.1" 200 697
"GET /static/js/script.js HTTP/1.1" 404 1795
"GET / HTTP/1.1" 200 759
"GET /static/js/script.js HTTP/1.1" 404 1795
"GET / HTTP/1.1" 200 1116
"GET /static/css/style.css HTTP/1.1" 304 0
"GET /static/js/script.js HTTP/1.1" 404 1795
Not Found: /...
"GET /... HTTP/1.1" 404 2415
"GET / HTTP/1.1" 200 1057
"GET /static/js/script.js HTTP/1.1" 404 1795
"GET / HTTP/1.1" 200 1102
"GET /static/js/script.js HTTP/1.1" 404 1795
"GET /about/ HTTP/1.1" 200 1040
"GET /static/js/script.js HTTP/1.1" 404 1795
"GET / HTTP/1.1" 200 1849
"GET /static/css/style.css HTTP/1.1" 304 0
"GET /static/js/script.js HTTP/1.1" 404 1795
"GET / HTTP/1.1" 200 1760
"GET /static/js/script.js HTTP/1.1" 404 1795
"GET / HTTP/1.1" 200 1760
"GET /static/js/script.js HTTP/1.1" 404 1795
"GET /about/ HTTP/1.1" 200 1698
"GET /static/js/script.js HTTP/1.1" 404 1795
"GET / HTTP/1.1" 200 1760
"GET /static/js/script.js HTTP/1.1" 404 1795
"GET /about/ HTTP/1.1" 200 1698
"GET /static/js/script.js HTTP/1.1" 404 1795
"GET /about/ HTTP/1.1" 200 2054
"GET /static/js/bootsstrap.js.js HTTP/1.1" 404 1816
"GET /about/ HTTP/1.1" 200 2102
"GET /static/css/style.css HTTP/1.1" 304 0
"GET /static/js/bootsstrap.js.js HTTP/1.1" 404 1816
"GET / HTTP/1.1" 200 2164
"GET /static/js/bootsstrap.js.js HTTP/1.1" 404 1816
"GET /about/ HTTP/1.1" 200 2102
"GET /static/js/bootsstrap.js.js HTTP/1.1" 404 1816
"GET / HTTP/1.1" 200 2164
"GET /static/js/bootsstrap.js.js HTTP/1.1" 404 1816
"GET /about/ HTTP/1.1" 200 2102
"GET /static/js/bootsstrap.js.js HTTP/1.1" 404 1816
"GET / HTTP/1.1" 200 2164
"GET /static/js/bootsstrap.js.js HTTP/1.1" 404 1816
"GET /about/ HTTP/1.1" 200 2102
"GET /static/js/bootsstrap.js.js HTTP/1.1" 404 1816
"GET / HTTP/1.1" 200 2164
"GET /static/js/bootsstrap.js.js HTTP/1.1" 404 1816
"GET /about/ HTTP/1.1" 200 2102
"GET /static/js/bootsstrap.js.js HTTP/1.1" 404 1816
"GET / HTTP/1.1" 200 2164
"GET /static/js/bootsstrap.js.js HTTP/1.1" 404 1816
Internal Server Error: /
Traceback (most recent call last):
  File "C:\Users\me\Django_homeworks\.venv\lib\site-packages\django\template\base.py", line 502, in parse
    compile_func = self.tags[command]
KeyError: 'endlock'

During handling of the above exception, another exception occurred:

Traceback (most recent call last):
  File "C:\Users\me\Django_homeworks\.venv\lib\site-packages\django\core\handlers\exception.py", line 55, in inner
    response = get_response(request)
  File "C:\Users\me\Django_homeworks\.venv\lib\site-packages\django\core\handlers\base.py", line 197, in _get_response
    response = wrapped_callback(request, *callback_args, **callback_kwargs)
  File "C:\Users\me\Django_homeworks\seminars\first\views.py", line 9, in home_view
    return render(request, 'home.html')
  File "C:\Users\me\Django_homeworks\.venv\lib\site-packages\django\shortcuts.py", line 24, in render
    content = loader.render_to_string(template_name, context, request, using=using)
  File "C:\Users\me\Django_homeworks\.venv\lib\site-packages\django\template\loader.py", line 61, in render_to_string
    template = get_template(template_name, using=using)
  File "C:\Users\me\Django_homeworks\.venv\lib\site-packages\django\template\loader.py", line 15, in get_template
    return engine.get_template(template_name)
  File "C:\Users\me\Django_homeworks\.venv\lib\site-packages\django\template\backends\django.py", line 33, in get_template
    return Template(self.engine.get_template(template_name), self)
  File "C:\Users\me\Django_homeworks\.venv\lib\site-packages\django\template\engine.py", line 175, in get_template
    template, origin = self.find_template(template_name)
  File "C:\Users\me\Django_homeworks\.venv\lib\site-packages\django\template\engine.py", line 157, in find_template
    template = loader.get_template(name, skip=skip)
  File "C:\Users\me\Django_homeworks\.venv\lib\site-packages\django\template\loaders\cached.py", line 57, in get_template
    template = super().get_template(template_name, skip)
  File "C:\Users\me\Django_homeworks\.venv\lib\site-packages\django\template\loaders\base.py", line 28, in get_template
    return Template(
  File "C:\Users\me\Django_homeworks\.venv\lib\site-packages\django\template\base.py", line 154, in __init__
    self.nodelist = self.compile_nodelist()
  File "C:\Users\me\Django_homeworks\.venv\lib\site-packages\django\template\base.py", line 196, in compile_nodelist
    return parser.parse()
  File "C:\Users\me\Django_homeworks\.venv\lib\site-packages\django\template\base.py", line 510, in parse
    raise self.error(token, e)
  File "C:\Users\me\Django_homeworks\.venv\lib\site-packages\django\template\base.py", line 508, in parse
    compiled_result = compile_func(self, token)
  File "C:\Users\me\Django_homeworks\.venv\lib\site-packages\django\template\loader_tags.py", line 295, in do_extends
    nodelist = parser.parse()
  File "C:\Users\me\Django_homeworks\.venv\lib\site-packages\django\template\base.py", line 510, in parse
    raise self.error(token, e)
  File "C:\Users\me\Django_homeworks\.venv\lib\site-packages\django\template\base.py", line 508, in parse
    compiled_result = compile_func(self, token)
  File "C:\Users\me\Django_homeworks\.venv\lib\site-packages\django\template\loader_tags.py", line 234, in do_block
    nodelist = parser.parse(("endblock",))
  File "C:\Users\me\Django_homeworks\.venv\lib\site-packages\django\template\base.py", line 504, in parse
    self.invalid_block_tag(token, command, parse_until)
  File "C:\Users\me\Django_homeworks\.venv\lib\site-packages\django\template\base.py", line 555, in invalid_block_tag
    raise self.error(
django.template.exceptions.TemplateSyntaxError: Invalid block tag on line 8: 'endlock', expected 'endblock'. Did you forget to register or load this tag?
"GET / HTTP/1.1" 500 162775
Internal Server Error: /
Traceback (most recent call last):
  File "C:\Users\me\Django_homeworks\.venv\lib\site-packages\django\core\handlers\exception.py", line 55, in inner
    response = get_response(request)
  File "C:\Users\me\Django_homeworks\.venv\lib\site-packages\django\core\handlers\base.py", line 197, in _get_response
    response = wrapped_callback(request, *callback_args, **callback_kwargs)
  File "C:\Users\me\Django_homeworks\seminars\first\views.py", line 9, in home_view
    return render(request, 'home.html')
  File "C:\Users\me\Django_homeworks\.venv\lib\site-packages\django\shortcuts.py", line 24, in render
    content = loader.render_to_string(template_name, context, request, using=using)
  File "C:\Users\me\Django_homeworks\.venv\lib\site-packages\django\template\loader.py", line 62, in render_to_string
    return template.render(context, request)
  File "C:\Users\me\Django_homeworks\.venv\lib\site-packages\django\template\backends\django.py", line 61, in render
    return self.template.render(context)
  File "C:\Users\me\Django_homeworks\.venv\lib\site-packages\django\template\base.py", line 171, in render
    return self._render(context)
  File "C:\Users\me\Django_homeworks\.venv\lib\site-packages\django\template\base.py", line 163, in _render
    return self.nodelist.render(context)
  File "C:\Users\me\Django_homeworks\.venv\lib\site-packages\django\template\base.py", line 1000, in render
    return SafeString("".join([node.render_annotated(context) for node in self]))
  File "C:\Users\me\Django_homeworks\.venv\lib\site-packages\django\template\base.py", line 1000, in <listcomp>
    return SafeString("".join([node.render_annotated(context) for node in self]))
  File "C:\Users\me\Django_homeworks\.venv\lib\site-packages\django\template\base.py", line 961, in render_annotated
    return self.render(context)
  File "C:\Users\me\Django_homeworks\.venv\lib\site-packages\django\template\loader_tags.py", line 134, in render
    compiled_parent = self.get_parent(context)
  File "C:\Users\me\Django_homeworks\.venv\lib\site-packages\django\template\loader_tags.py", line 131, in get_parent
    return self.find_template(parent, context)
  File "C:\Users\me\Django_homeworks\.venv\lib\site-packages\django\template\loader_tags.py", line 109, in find_template
    template, origin = context.template.engine.find_template(
  File "C:\Users\me\Django_homeworks\.venv\lib\site-packages\django\template\engine.py", line 157, in find_template
    template = loader.get_template(name, skip=skip)
  File "C:\Users\me\Django_homeworks\.venv\lib\site-packages\django\template\loaders\cached.py", line 57, in get_template
    template = super().get_template(template_name, skip)
  File "C:\Users\me\Django_homeworks\.venv\lib\site-packages\django\template\loaders\base.py", line 28, in get_template
    return Template(
  File "C:\Users\me\Django_homeworks\.venv\lib\site-packages\django\template\base.py", line 154, in __init__
    self.nodelist = self.compile_nodelist()
  File "C:\Users\me\Django_homeworks\.venv\lib\site-packages\django\template\base.py", line 196, in compile_nodelist
    return parser.parse()
  File "C:\Users\me\Django_homeworks\.venv\lib\site-packages\django\template\base.py", line 510, in parse
    raise self.error(token, e)
  File "C:\Users\me\Django_homeworks\.venv\lib\site-packages\django\template\base.py", line 508, in parse
    compiled_result = compile_func(self, token)
  File "C:\Users\me\Django_homeworks\.venv\lib\site-packages\django\template\loader_tags.py", line 234, in do_block
    nodelist = parser.parse(("endblock",))
  File "C:\Users\me\Django_homeworks\.venv\lib\site-packages\django\template\base.py", line 515, in parse
    self.unclosed_block_tag(parse_until)
  File "C:\Users\me\Django_homeworks\.venv\lib\site-packages\django\template\base.py", line 578, in unclosed_block_tag
    raise self.error(token, msg)
django.template.exceptions.TemplateSyntaxError: Unclosed tag on line 36: 'block'. Looking for one of: endblock.
"GET / HTTP/1.1" 500 175330
"GET / HTTP/1.1" 200 2089
"GET /static/css/style.css HTTP/1.1" 304 0
"GET /static/js/bootsstrap.js.js HTTP/1.1" 404 1816
"GET / HTTP/1.1" 200 2089
"GET /static/js/bootsstrap.js.js HTTP/1.1" 404 1816
"GET /about/ HTTP/1.1" 200 2089
"GET /static/js/bootsstrap.js.js HTTP/1.1" 404 1816
"GET /about/ HTTP/1.1" 200 2089
"GET /static/js/bootsstrap.js.js HTTP/1.1" 404 1816
"GET / HTTP/1.1" 200 2089
"GET /static/js/bootsstrap.js.js HTTP/1.1" 404 1816
"GET /about/ HTTP/1.1" 200 2089
"GET /static/js/bootsstrap.js.js HTTP/1.1" 404 1816
"GET / HTTP/1.1" 200 2089
"GET /static/js/bootsstrap.js.js HTTP/1.1" 404 1816
"GET /about/ HTTP/1.1" 200 2089
"GET /static/js/bootsstrap.js.js HTTP/1.1" 404 1816
"GET /about/ HTTP/1.1" 200 2111
"GET /static/js/bootsstrap.js.js HTTP/1.1" 404 1816
"GET / HTTP/1.1" 200 2111
"GET /static/js/bootsstrap.js.js HTTP/1.1" 404 1816
